C:\Program Files (x86)\MSBuild\Microsoft.Cpp\v4.0\V140\Microsoft.CppBuild.targets(936,5): warning MSB8027: Two or more files with the name of NetworkingUtils.cpp will produce outputs to the same location. This can lead to an incorrect build result.  The files involved are ..\..\..\addons\ofxOsc\libs\oscpack\src\ip\posix\NetworkingUtils.cpp, ..\..\..\addons\ofxOsc\libs\oscpack\src\ip\win32\NetworkingUtils.cpp.
C:\Program Files (x86)\MSBuild\Microsoft.Cpp\v4.0\V140\Microsoft.CppBuild.targets(936,5): warning MSB8027: Two or more files with the name of UdpSocket.cpp will produce outputs to the same location. This can lead to an incorrect build result.  The files involved are ..\..\..\addons\ofxOsc\libs\oscpack\src\ip\posix\UdpSocket.cpp, ..\..\..\addons\ofxOsc\libs\oscpack\src\ip\win32\UdpSocket.cpp.
  ofxBaseGui.cpp
  ofxButton.cpp
  ofxGuiGroup.cpp
  ofxLabel.cpp
  ofxPanel.cpp
  ofxSlider.cpp
  ofxSliderGroup.cpp
  ofxToggle.cpp
  ofxTCPClient.cpp
  ofxTCPManager.cpp
  ofxTCPServer.cpp
  ofxUDPManager.cpp
  ofxCvColorImage.cpp
  ofxCvContourFinder.cpp
  ofxCvFloatImage.cpp
  ofxCvGrayscaleImage.cpp
E:\ALL_Projects\openFrameworks\libs\openFrameworks\math\ofVec3f.h : warning C4819: 该文件包含不能在当前代码页(936)中表示的字符。请将该文件保存为 Unicode 格式以防止数据丢失 (编译源文件 ..\..\..\addons\ofxGui\src\ofxButton.cpp)
e:\all_projects\openframeworks\libs\openframeworks\math\ofVec2f.h : warning C4819: 该文件包含不能在当前代码页(936)中表示的字符。请将该文件保存为 Unicode 格式以防止数据丢失 (编译源文件 ..\..\..\addons\ofxGui\src\ofxButton.cpp)
e:\all_projects\openframeworks\libs\openframeworks\math\ofVec3f.h : warning C4819: 该文件包含不能在当前代码页(936)中表示的字符。请将该文件保存为 Unicode 格式以防止数据丢失 (编译源文件 ..\..\..\addons\ofxGui\src\ofxGuiGroup.cpp)
e:\all_projects\openframeworks\libs\openframeworks\math\ofVec3f.h : warning C4819: 该文件包含不能在当前代码页(936)中表示的字符。请将该文件保存为 Unicode 格式以防止数据丢失 (编译源文件 ..\..\..\addons\ofxGui\src\ofxBaseGui.cpp)
e:\all_projects\openframeworks\libs\openframeworks\math\ofVec2f.h : warning C4819: 该文件包含不能在当前代码页(936)中表示的字符。请将该文件保存为 Unicode 格式以防止数据丢失 (编译源文件 ..\..\..\addons\ofxGui\src\ofxGuiGroup.cpp)
e:\all_projects\openframeworks\libs\openframeworks\math\ofVec2f.h : warning C4819: 该文件包含不能在当前代码页(936)中表示的字符。请将该文件保存为 Unicode 格式以防止数据丢失 (编译源文件 ..\..\..\addons\ofxGui\src\ofxBaseGui.cpp)
e:\all_projects\openframeworks\libs\openframeworks\math\ofVec3f.h : warning C4819: 该文件包含不能在当前代码页(936)中表示的字符。请将该文件保存为 Unicode 格式以防止数据丢失 (编译源文件 ..\..\..\addons\ofxGui\src\ofxLabel.cpp)
e:\all_projects\openframeworks\libs\openframeworks\math\ofVec2f.h : warning C4819: 该文件包含不能在当前代码页(936)中表示的字符。请将该文件保存为 Unicode 格式以防止数据丢失 (编译源文件 ..\..\..\addons\ofxGui\src\ofxLabel.cpp)
e:\all_projects\openframeworks\libs\openframeworks\math\ofVec3f.h : warning C4819: 该文件包含不能在当前代码页(936)中表示的字符。请将该文件保存为 Unicode 格式以防止数据丢失 (编译源文件 ..\..\..\addons\ofxGui\src\ofxSlider.cpp)
e:\all_projects\openframeworks\libs\openframeworks\math\ofVec2f.h : warning C4819: 该文件包含不能在当前代码页(936)中表示的字符。请将该文件保存为 Unicode 格式以防止数据丢失 (编译源文件 ..\..\..\addons\ofxGui\src\ofxSlider.cpp)
E:\ALL_Projects\openFrameworks\libs\openFrameworks\math\ofVec3f.h : warning C4819: 该文件包含不能在当前代码页(936)中表示的字符。请将该文件保存为 Unicode 格式以防止数据丢失 (编译源文件 ..\..\..\addons\ofxGui\src\ofxToggle.cpp)
e:\all_projects\openframeworks\libs\openframeworks\math\ofVec2f.h : warning C4819: 该文件包含不能在当前代码页(936)中表示的字符。请将该文件保存为 Unicode 格式以防止数据丢失 (编译源文件 ..\..\..\addons\ofxGui\src\ofxToggle.cpp)
e:\all_projects\openframeworks\libs\openframeworks\math\ofVec3f.h : warning C4819: 该文件包含不能在当前代码页(936)中表示的字符。请将该文件保存为 Unicode 格式以防止数据丢失 (编译源文件 ..\..\..\addons\ofxGui\src\ofxSliderGroup.cpp)
e:\all_projects\openframeworks\libs\openframeworks\math\ofVec3f.h : warning C4819: 该文件包含不能在当前代码页(936)中表示的字符。请将该文件保存为 Unicode 格式以防止数据丢失 (编译源文件 ..\..\..\addons\ofxGui\src\ofxPanel.cpp)
e:\all_projects\openframeworks\libs\openframeworks\math\ofVec2f.h : warning C4819: 该文件包含不能在当前代码页(936)中表示的字符。请将该文件保存为 Unicode 格式以防止数据丢失 (编译源文件 ..\..\..\addons\ofxGui\src\ofxSliderGroup.cpp)
e:\all_projects\openframeworks\libs\openframeworks\math\ofVec2f.h : warning C4819: 该文件包含不能在当前代码页(936)中表示的字符。请将该文件保存为 Unicode 格式以防止数据丢失 (编译源文件 ..\..\..\addons\ofxGui\src\ofxPanel.cpp)
e:\all_projects\openframeworks\libs\openframeworks\math\ofVec3f.h : warning C4819: 该文件包含不能在当前代码页(936)中表示的字符。请将该文件保存为 Unicode 格式以防止数据丢失 (编译源文件 ..\..\..\addons\ofxNetwork\src\ofxTCPServer.cpp)
e:\all_projects\openframeworks\libs\openframeworks\math\ofVec2f.h : warning C4819: 该文件包含不能在当前代码页(936)中表示的字符。请将该文件保存为 Unicode 格式以防止数据丢失 (编译源文件 ..\..\..\addons\ofxNetwork\src\ofxTCPServer.cpp)
e:\all_projects\openframeworks\libs\openframeworks\math\ofVec3f.h : warning C4819: 该文件包含不能在当前代码页(936)中表示的字符。请将该文件保存为 Unicode 格式以防止数据丢失 (编译源文件 ..\..\..\addons\ofxNetwork\src\ofxUDPManager.cpp)
e:\all_projects\openframeworks\libs\openframeworks\math\ofVec3f.h : warning C4819: 该文件包含不能在当前代码页(936)中表示的字符。请将该文件保存为 Unicode 格式以防止数据丢失 (编译源文件 ..\..\..\addons\ofxNetwork\src\ofxTCPClient.cpp)
e:\all_projects\openframeworks\libs\openframeworks\math\ofVec2f.h : warning C4819: 该文件包含不能在当前代码页(936)中表示的字符。请将该文件保存为 Unicode 格式以防止数据丢失 (编译源文件 ..\..\..\addons\ofxNetwork\src\ofxUDPManager.cpp)
e:\all_projects\openframeworks\libs\openframeworks\math\ofVec2f.h : warning C4819: 该文件包含不能在当前代码页(936)中表示的字符。请将该文件保存为 Unicode 格式以防止数据丢失 (编译源文件 ..\..\..\addons\ofxNetwork\src\ofxTCPClient.cpp)
e:\all_projects\openframeworks\libs\openframeworks\math\ofVec3f.h : warning C4819: 该文件包含不能在当前代码页(936)中表示的字符。请将该文件保存为 Unicode 格式以防止数据丢失 (编译源文件 ..\..\..\addons\ofxNetwork\src\ofxTCPManager.cpp)
e:\all_projects\openframeworks\libs\openframeworks\math\ofVec2f.h : warning C4819: 该文件包含不能在当前代码页(936)中表示的字符。请将该文件保存为 Unicode 格式以防止数据丢失 (编译源文件 ..\..\..\addons\ofxNetwork\src\ofxTCPManager.cpp)
e:\all_projects\openframeworks\libs\openframeworks\math\ofVec3f.h : warning C4819: 该文件包含不能在当前代码页(936)中表示的字符。请将该文件保存为 Unicode 格式以防止数据丢失 (编译源文件 ..\..\..\addons\ofxOpenCv\src\ofxCvContourFinder.cpp)
e:\all_projects\openframeworks\libs\openframeworks\math\ofVec2f.h : warning C4819: 该文件包含不能在当前代码页(936)中表示的字符。请将该文件保存为 Unicode 格式以防止数据丢失 (编译源文件 ..\..\..\addons\ofxOpenCv\src\ofxCvContourFinder.cpp)
e:\all_projects\openframeworks\libs\openframeworks\math\ofVec3f.h : warning C4819: 该文件包含不能在当前代码页(936)中表示的字符。请将该文件保存为 Unicode 格式以防止数据丢失 (编译源文件 ..\..\..\addons\ofxOpenCv\src\ofxCvGrayscaleImage.cpp)
e:\all_projects\openframeworks\libs\openframeworks\math\ofVec2f.h : warning C4819: 该文件包含不能在当前代码页(936)中表示的字符。请将该文件保存为 Unicode 格式以防止数据丢失 (编译源文件 ..\..\..\addons\ofxOpenCv\src\ofxCvGrayscaleImage.cpp)
e:\all_projects\openframeworks\libs\openframeworks\math\ofVec3f.h : warning C4819: 该文件包含不能在当前代码页(936)中表示的字符。请将该文件保存为 Unicode 格式以防止数据丢失 (编译源文件 ..\..\..\addons\ofxOpenCv\src\ofxCvFloatImage.cpp)
e:\all_projects\openframeworks\libs\openframeworks\math\ofVec2f.h : warning C4819: 该文件包含不能在当前代码页(936)中表示的字符。请将该文件保存为 Unicode 格式以防止数据丢失 (编译源文件 ..\..\..\addons\ofxOpenCv\src\ofxCvFloatImage.cpp)
e:\all_projects\openframeworks\libs\openframeworks\math\ofVec3f.h : warning C4819: 该文件包含不能在当前代码页(936)中表示的字符。请将该文件保存为 Unicode 格式以防止数据丢失 (编译源文件 ..\..\..\addons\ofxOpenCv\src\ofxCvColorImage.cpp)
e:\all_projects\openframeworks\libs\openframeworks\math\ofVec2f.h : warning C4819: 该文件包含不能在当前代码页(936)中表示的字符。请将该文件保存为 Unicode 格式以防止数据丢失 (编译源文件 ..\..\..\addons\ofxOpenCv\src\ofxCvColorImage.cpp)
  ofxCvHaarFinder.cpp
  ofxCvImage.cpp
  ofxCvShortImage.cpp
  IpEndpointName.cpp
..\..\..\addons\ofxOsc\libs\oscpack\src\ip\IpEndpointName.cpp(54): warning C4996: 'sprintf': This function or variable may be unsafe. Consider using sprintf_s instead. To disable deprecation, use _CRT_SECURE_NO_WARNINGS. See online help for details.
  C:\Program Files (x86)\Windows Kits\10\Include\10.0.10240.0\ucrt\stdio.h(1769): note: 参见“sprintf”的声明
..\..\..\addons\ofxOsc\libs\oscpack\src\ip\IpEndpointName.cpp(56): warning C4996: 'sprintf': This function or variable may be unsafe. Consider using sprintf_s instead. To disable deprecation, use _CRT_SECURE_NO_WARNINGS. See online help for details.
  C:\Program Files (x86)\Windows Kits\10\Include\10.0.10240.0\ucrt\stdio.h(1769): note: 参见“sprintf”的声明
..\..\..\addons\ofxOsc\libs\oscpack\src\ip\IpEndpointName.cpp(69): warning C4996: 'sprintf': This function or variable may be unsafe. Consider using sprintf_s instead. To disable deprecation, use _CRT_SECURE_NO_WARNINGS. See online help for details.
  C:\Program Files (x86)\Windows Kits\10\Include\10.0.10240.0\ucrt\stdio.h(1769): note: 参见“sprintf”的声明
..\..\..\addons\ofxOsc\libs\oscpack\src\ip\IpEndpointName.cpp(71): warning C4996: 'sprintf': This function or variable may be unsafe. Consider using sprintf_s instead. To disable deprecation, use _CRT_SECURE_NO_WARNINGS. See online help for details.
  C:\Program Files (x86)\Windows Kits\10\Include\10.0.10240.0\ucrt\stdio.h(1769): note: 参见“sprintf”的声明
..\..\..\addons\ofxOsc\libs\oscpack\src\ip\IpEndpointName.cpp(79): warning C4996: 'sprintf': This function or variable may be unsafe. Consider using sprintf_s instead. To disable deprecation, use _CRT_SECURE_NO_WARNINGS. See online help for details.
  C:\Program Files (x86)\Windows Kits\10\Include\10.0.10240.0\ucrt\stdio.h(1769): note: 参见“sprintf”的声明
..\..\..\addons\ofxOsc\libs\oscpack\src\ip\IpEndpointName.cpp(81): warning C4996: 'sprintf': This function or variable may be unsafe. Consider using sprintf_s instead. To disable deprecation, use _CRT_SECURE_NO_WARNINGS. See online help for details.
  C:\Program Files (x86)\Windows Kits\10\Include\10.0.10240.0\ucrt\stdio.h(1769): note: 参见“sprintf”的声明
  NetworkingUtils.cpp
..\..\..\addons\ofxOsc\libs\oscpack\src\ip\posix\NetworkingUtils.cpp(39): fatal error C1083: 无法打开包括文件: “netdb.h”: No such file or directory
  UdpSocket.cpp
..\..\..\addons\ofxOsc\libs\oscpack\src\ip\posix\UdpSocket.cpp(39): fatal error C1083: 无法打开包括文件: “pthread.h”: No such file or directory
  NetworkingUtils.cpp
  UdpSocket.cpp
  OscOutboundPacketStream.cpp
  OscPrintReceivedElements.cpp
  OscReceivedElements.cpp
..\..\..\addons\ofxOsc\libs\oscpack\src\osc\OscOutboundPacketStream.cpp(363): warning C4996: 'strcpy': This function or variable may be unsafe. Consider using strcpy_s instead. To disable deprecation, use _CRT_SECURE_NO_WARNINGS. See online help for details.
  C:\Program Files (x86)\Windows Kits\10\Include\10.0.10240.0\ucrt\string.h(119): note: 参见“strcpy”的声明
..\..\..\addons\ofxOsc\libs\oscpack\src\osc\OscOutboundPacketStream.cpp(605): warning C4996: 'strcpy': This function or variable may be unsafe. Consider using strcpy_s instead. To disable deprecation, use _CRT_SECURE_NO_WARNINGS. See online help for details.
  C:\Program Files (x86)\Windows Kits\10\Include\10.0.10240.0\ucrt\string.h(119): note: 参见“strcpy”的声明
..\..\..\addons\ofxOsc\libs\oscpack\src\osc\OscOutboundPacketStream.cpp(625): warning C4996: 'strcpy': This function or variable may be unsafe. Consider using strcpy_s instead. To disable deprecation, use _CRT_SECURE_NO_WARNINGS. See online help for details.
  C:\Program Files (x86)\Windows Kits\10\Include\10.0.10240.0\ucrt\string.h(119): note: 参见“strcpy”的声明
  OscTypes.cpp
  ofxOscBundle.cpp
  ofxOscMessage.cpp
  ofxOscParameterSync.cpp
..\..\..\addons\ofxOsc\libs\oscpack\src\ip\win32\NetworkingUtils.cpp(88): warning C4996: 'gethostbyname': Use getaddrinfo() or GetAddrInfoW() instead or define _WINSOCK_DEPRECATED_NO_WARNINGS to disable deprecated API warnings
  C:\Program Files (x86)\Windows Kits\8.1\Include\um\winsock2.h(2238): note: 参见“gethostbyname”的声明
  ofxOscReceiver.cpp
..\..\..\addons\ofxOsc\libs\oscpack\src\osc\OscPrintReceivedElements.cpp(129): warning C4996: 'ctime': This function or variable may be unsafe. Consider using ctime_s instead. To disable deprecation, use _CRT_SECURE_NO_WARNINGS. See online help for details.
  C:\Program Files (x86)\Windows Kits\10\Include\10.0.10240.0\ucrt\time.h(475): note: 参见“ctime”的声明
e:\all_projects\openframeworks\libs\openframeworks\math\ofVec3f.h : warning C4819: 该文件包含不能在当前代码页(936)中表示的字符。请将该文件保存为 Unicode 格式以防止数据丢失 (编译源文件 ..\..\..\addons\ofxOpenCv\src\ofxCvHaarFinder.cpp)
e:\all_projects\openframeworks\libs\openframeworks\math\ofVec2f.h : warning C4819: 该文件包含不能在当前代码页(936)中表示的字符。请将该文件保存为 Unicode 格式以防止数据丢失 (编译源文件 ..\..\..\addons\ofxOpenCv\src\ofxCvHaarFinder.cpp)
  ofxOscSender.cpp
  tinyxml.cpp
e:\all_projects\openframeworks\libs\openframeworks\math\ofVec3f.h : warning C4819: 该文件包含不能在当前代码页(936)中表示的字符。请将该文件保存为 Unicode 格式以防止数据丢失 (编译源文件 ..\..\..\addons\ofxOpenCv\src\ofxCvImage.cpp)
e:\all_projects\openframeworks\libs\openframeworks\math\ofVec2f.h : warning C4819: 该文件包含不能在当前代码页(936)中表示的字符。请将该文件保存为 Unicode 格式以防止数据丢失 (编译源文件 ..\..\..\addons\ofxOpenCv\src\ofxCvImage.cpp)
e:\all_projects\openframeworks\libs\openframeworks\math\ofVec3f.h : warning C4819: 该文件包含不能在当前代码页(936)中表示的字符。请将该文件保存为 Unicode 格式以防止数据丢失 (编译源文件 ..\..\..\addons\ofxOpenCv\src\ofxCvShortImage.cpp)
e:\all_projects\openframeworks\libs\openframeworks\math\ofVec2f.h : warning C4819: 该文件包含不能在当前代码页(936)中表示的字符。请将该文件保存为 Unicode 格式以防止数据丢失 (编译源文件 ..\..\..\addons\ofxOpenCv\src\ofxCvShortImage.cpp)
  tinyxmlerror.cpp
e:\all_projects\openframeworks\libs\openframeworks\math\ofVec3f.h : warning C4819: 该文件包含不能在当前代码页(936)中表示的字符。请将该文件保存为 Unicode 格式以防止数据丢失 (编译源文件 ..\..\..\addons\ofxOsc\src\ofxOscBundle.cpp)
e:\all_projects\openframeworks\libs\openframeworks\math\ofVec2f.h : warning C4819: 该文件包含不能在当前代码页(936)中表示的字符。请将该文件保存为 Unicode 格式以防止数据丢失 (编译源文件 ..\..\..\addons\ofxOsc\src\ofxOscBundle.cpp)
e:\all_projects\openframeworks\libs\openframeworks\math\ofVec3f.h : warning C4819: 该文件包含不能在当前代码页(936)中表示的字符。请将该文件保存为 Unicode 格式以防止数据丢失 (编译源文件 ..\..\..\addons\ofxOsc\src\ofxOscMessage.cpp)
e:\all_projects\openframeworks\libs\openframeworks\math\ofVec2f.h : warning C4819: 该文件包含不能在当前代码页(936)中表示的字符。请将该文件保存为 Unicode 格式以防止数据丢失 (编译源文件 ..\..\..\addons\ofxOsc\src\ofxOscMessage.cpp)
e:\all_projects\openframeworks\libs\openframeworks\math\ofVec3f.h : warning C4819: 该文件包含不能在当前代码页(936)中表示的字符。请将该文件保存为 Unicode 格式以防止数据丢失 (编译源文件 ..\..\..\addons\ofxOsc\src\ofxOscParameterSync.cpp)
e:\all_projects\openframeworks\libs\openframeworks\math\ofVec2f.h : warning C4819: 该文件包含不能在当前代码页(936)中表示的字符。请将该文件保存为 Unicode 格式以防止数据丢失 (编译源文件 ..\..\..\addons\ofxOsc\src\ofxOscParameterSync.cpp)
  tinyxmlparser.cpp
e:\all_projects\openframeworks\libs\openframeworks\math\ofVec3f.h : warning C4819: 该文件包含不能在当前代码页(936)中表示的字符。请将该文件保存为 Unicode 格式以防止数据丢失 (编译源文件 ..\..\..\addons\ofxOsc\src\ofxOscReceiver.cpp)
e:\all_projects\openframeworks\libs\openframeworks\math\ofVec2f.h : warning C4819: 该文件包含不能在当前代码页(936)中表示的字符。请将该文件保存为 Unicode 格式以防止数据丢失 (编译源文件 ..\..\..\addons\ofxOsc\src\ofxOscReceiver.cpp)
  ofxXmlSettings.cpp
  communicator.cpp
e:\all_projects\openframeworks\libs\openframeworks\math\ofVec3f.h : warning C4819: 该文件包含不能在当前代码页(936)中表示的字符。请将该文件保存为 Unicode 格式以防止数据丢失 (编译源文件 ..\..\..\addons\ofxOsc\src\ofxOscSender.cpp)
e:\all_projects\openframeworks\libs\openframeworks\math\ofVec2f.h : warning C4819: 该文件包含不能在当前代码页(936)中表示的字符。请将该文件保存为 Unicode 格式以防止数据丢失 (编译源文件 ..\..\..\addons\ofxOsc\src\ofxOscSender.cpp)
  dirtParticle.cpp
  dustParticle.cpp
  main.cpp
  ofApp.cpp
e:\all_projects\openframeworks\libs\openframeworks\math\ofVec3f.h : warning C4819: 该文件包含不能在当前代码页(936)中表示的字符。请将该文件保存为 Unicode 格式以防止数据丢失 (编译源文件 ..\..\..\addons\ofxXmlSettings\src\ofxXmlSettings.cpp)
e:\all_projects\openframeworks\libs\openframeworks\math\ofVec2f.h : warning C4819: 该文件包含不能在当前代码页(936)中表示的字符。请将该文件保存为 Unicode 格式以防止数据丢失 (编译源文件 ..\..\..\addons\ofxXmlSettings\src\ofxXmlSettings.cpp)
e:\all_projects\openframeworks\libs\openframeworks\math\ofVec3f.h : warning C4819: 该文件包含不能在当前代码页(936)中表示的字符。请将该文件保存为 Unicode 格式以防止数据丢失 (编译源文件 src\communicator.cpp)
e:\all_projects\openframeworks\libs\openframeworks\math\ofVec2f.h : warning C4819: 该文件包含不能在当前代码页(936)中表示的字符。请将该文件保存为 Unicode 格式以防止数据丢失 (编译源文件 src\communicator.cpp)
e:\all_projects\openframeworks\libs\openframeworks\math\ofVec3f.h : warning C4819: 该文件包含不能在当前代码页(936)中表示的字符。请将该文件保存为 Unicode 格式以防止数据丢失 (编译源文件 src\dirtParticle.cpp)
e:\all_projects\openframeworks\libs\openframeworks\math\ofVec2f.h : warning C4819: 该文件包含不能在当前代码页(936)中表示的字符。请将该文件保存为 Unicode 格式以防止数据丢失 (编译源文件 src\dirtParticle.cpp)
e:\all_projects\openframeworks\libs\openframeworks\math\ofVec3f.h : warning C4819: 该文件包含不能在当前代码页(936)中表示的字符。请将该文件保存为 Unicode 格式以防止数据丢失 (编译源文件 src\dustParticle.cpp)
e:\all_projects\openframeworks\libs\openframeworks\math\ofVec2f.h : warning C4819: 该文件包含不能在当前代码页(936)中表示的字符。请将该文件保存为 Unicode 格式以防止数据丢失 (编译源文件 src\dustParticle.cpp)
e:\all_projects\openframeworks\libs\openframeworks\math\ofVec3f.h : warning C4819: 该文件包含不能在当前代码页(936)中表示的字符。请将该文件保存为 Unicode 格式以防止数据丢失 (编译源文件 src\main.cpp)
e:\all_projects\openframeworks\libs\openframeworks\math\ofVec2f.h : warning C4819: 该文件包含不能在当前代码页(936)中表示的字符。请将该文件保存为 Unicode 格式以防止数据丢失 (编译源文件 src\main.cpp)
e:\all_projects\openframeworks\libs\openframeworks\math\ofVec3f.h : warning C4819: 该文件包含不能在当前代码页(936)中表示的字符。请将该文件保存为 Unicode 格式以防止数据丢失 (编译源文件 src\ofApp.cpp)
e:\all_projects\openframeworks\libs\openframeworks\math\ofVec2f.h : warning C4819: 该文件包含不能在当前代码页(936)中表示的字符。请将该文件保存为 Unicode 格式以防止数据丢失 (编译源文件 src\ofApp.cpp)
